<?xml version="1.0" encoding="UTF-8"?>
<!-- Generated by org.testng.reporters.JUnitReportReporter -->
<testsuite skipped="0" hostname="anwar" name="com.orangehrm.testscript.organisationmodule" tests="1" failures="0" timestamp="2021-02-17T15:56:04 IST" time="15.030" errors="0">
  <testcase name="testeditorganisation" time="15.030" classname="com.orangehrm.testscript.organisationmodule"/>
  <system-out>
editorganisation  </system-out>
</testsuite> <!-- com.orangehrm.testscript.organisationmodule -->
